<?xml version="1.0" encoding="UTF-8"?>
<!-- Generated by org.testng.reporters.JUnitReportReporter -->
<testsuite hostname="LAPTOP-DUA4GLVF" failures="0" tests="4" name="TestNgPackage.TestNgClass4" time="0.006" errors="0" timestamp="2022-02-11T20:17:39 IST" skipped="0">
  <testcase classname="TestNgPackage.TestNgClass4" name="method2" time="0.002"/>
  <system-out/>
  <testcase classname="TestNgPackage.TestNgClass4" name="method4" time="0.002"/>
  <system-out/>
  <testcase classname="TestNgPackage.TestNgClass4" name="method1" time="0.001"/>
  <system-out/>
  <testcase classname="TestNgPackage.TestNgClass4" name="method3" time="0.001"/>
  <system-out/>
</testsuite> <!-- TestNgPackage.TestNgClass4 -->
