<?xml version="1.0" encoding="UTF-8"?>
<!-- Generated by org.testng.reporters.JUnitReportReporter -->
<testsuite hostname="LAPTOP-DUA4GLVF" failures="0" tests="1" name="TestNgExample1" time="0.015" errors="0" timestamp="2021-11-25T21:17:02 IST" skipped="0">
  <testcase classname="TestNgExample1" name="testNgDemo" time="0.015"/>
  <system-out/>
</testsuite> <!-- TestNgExample1 -->
