<?xml version="1.0" encoding="UTF-8"?>
<!-- Generated by org.testng.reporters.JUnitReportReporter -->
<testsuite hostname="LAPTOP-DUA4GLVF" failures="0" tests="1" name="TestNgPackage.TestNgClass6" time="0.004" errors="0" timestamp="2021-11-30T19:21:02 IST" skipped="0">
  <testcase classname="TestNgPackage.TestNgClass6" name="twoParameter" time="0.004"/>
  <system-out/>
</testsuite> <!-- TestNgPackage.TestNgClass6 -->
