<?xml version="1.0" encoding="UTF-8"?>
<!-- Generated by org.testng.reporters.JUnitReportReporter -->
<testsuite hostname="LAPTOP-DUA4GLVF" failures="0" tests="2" name="TestNgPackage.TestNgClass2" time="0.005" errors="0" timestamp="2022-02-11T20:17:39 IST" skipped="0">
  <testcase classname="TestNgPackage.TestNgClass2" name="day4" time="0.002"/>
  <system-out/>
  <testcase classname="TestNgPackage.TestNgClass2" name="day3" time="0.003"/>
  <system-out/>
</testsuite> <!-- TestNgPackage.TestNgClass2 -->
